<?xml version="1.0" encoding="UTF-8"?>
<testsuite name="com.grekz.crudKotlin.CrudKotlinApplicationTests" tests="1" skipped="0" failures="0" errors="0" timestamp="2020-04-05T18:03:15" hostname="C02ZQ5D6MD6T" time="0.206">
  <properties/>
  <testcase name="contextLoads()" classname="com.grekz.crudKotlin.CrudKotlinApplicationTests" time="0.206"/>
  <system-out><![CDATA[20:03:10.928 [Test worker] DEBUG org.springframework.test.context.BootstrapUtils - Instantiating CacheAwareContextLoaderDelegate from class [org.springframework.test.context.cache.DefaultCacheAwareContextLoaderDelegate]
20:03:10.937 [Test worker] DEBUG org.springframework.test.context.BootstrapUtils - Instantiating BootstrapContext using constructor [public org.springframework.test.context.support.DefaultBootstrapContext(java.lang.Class,org.springframework.test.context.CacheAwareContextLoaderDelegate)]
20:03:10.960 [Test worker] DEBUG org.springframework.test.context.BootstrapUtils - Instantiating TestContextBootstrapper for test class [com.grekz.crudKotlin.CrudKotlinApplicationTests] from class [org.springframework.boot.test.context.SpringBootTestContextBootstrapper]
20:03:10.976 [Test worker] INFO org.springframework.boot.test.context.SpringBootTestContextBootstrapper - Neither @ContextConfiguration nor @ContextHierarchy found for test class [com.grekz.crudKotlin.CrudKotlinApplicationTests], using SpringBootContextLoader
20:03:10.979 [Test worker] DEBUG org.springframework.test.context.support.AbstractContextLoader - Did not detect default resource location for test class [com.grekz.crudKotlin.CrudKotlinApplicationTests]: class path resource [com/grekz/crudKotlin/CrudKotlinApplicationTests-context.xml] does not exist
20:03:10.979 [Test worker] DEBUG org.springframework.test.context.support.AbstractContextLoader - Did not detect default resource location for test class [com.grekz.crudKotlin.CrudKotlinApplicationTests]: class path resource [com/grekz/crudKotlin/CrudKotlinApplicationTestsContext.groovy] does not exist
20:03:10.980 [Test worker] INFO org.springframework.test.context.support.AbstractContextLoader - Could not detect default resource locations for test class [com.grekz.crudKotlin.CrudKotlinApplicationTests]: no resource found for suffixes {-context.xml, Context.groovy}.
20:03:10.981 [Test worker] INFO org.springframework.test.context.support.AnnotationConfigContextLoaderUtils - Could not detect default configuration classes for test class [com.grekz.crudKotlin.CrudKotlinApplicationTests]: CrudKotlinApplicationTests does not declare any static, non-private, non-final, nested classes annotated with @Configuration.
20:03:11.015 [Test worker] DEBUG org.springframework.test.context.support.ActiveProfilesUtils - Could not find an 'annotation declaring class' for annotation type [org.springframework.test.context.ActiveProfiles] and class [com.grekz.crudKotlin.CrudKotlinApplicationTests]
20:03:11.064 [Test worker] DEBUG org.springframework.context.annotation.ClassPathScanningCandidateComponentProvider - Identified candidate component class: file [/Users/j.mendoza.2/git/kotlin-crud/crudKotlin/build/classes/kotlin/main/com/grekz/crudKotlin/CrudKotlinApplication.class]
20:03:11.065 [Test worker] INFO org.springframework.boot.test.context.SpringBootTestContextBootstrapper - Found @SpringBootConfiguration com.grekz.crudKotlin.CrudKotlinApplication for test class com.grekz.crudKotlin.CrudKotlinApplicationTests
20:03:11.129 [Test worker] DEBUG org.springframework.boot.test.context.SpringBootTestContextBootstrapper - @TestExecutionListeners is not present for class [com.grekz.crudKotlin.CrudKotlinApplicationTests]: using defaults.
20:03:11.130 [Test worker] INFO org.springframework.boot.test.context.SpringBootTestContextBootstrapper - Loaded default TestExecutionListener class names from location [META-INF/spring.factories]: [org.springframework.boot.test.autoconfigure.restdocs.RestDocsTestExecutionListener, org.springframework.boot.test.autoconfigure.web.client.MockRestServiceServerResetTestExecutionListener, org.springframework.boot.test.autoconfigure.web.servlet.MockMvcPrintOnlyOnFailureTestExecutionListener, org.springframework.boot.test.autoconfigure.web.servlet.WebDriverTestExecutionListener, org.springframework.boot.test.mock.mockito.MockitoTestExecutionListener, org.springframework.boot.test.mock.mockito.ResetMocksTestExecutionListener, org.springframework.test.context.web.ServletTestExecutionListener, org.springframework.test.context.support.DirtiesContextBeforeModesTestExecutionListener, org.springframework.test.context.support.DependencyInjectionTestExecutionListener, org.springframework.test.context.support.DirtiesContextTestExecutionListener, org.springframework.test.context.transaction.TransactionalTestExecutionListener, org.springframework.test.context.jdbc.SqlScriptsTestExecutionListener, org.springframework.test.context.event.EventPublishingTestExecutionListener]
20:03:11.143 [Test worker] INFO org.springframework.boot.test.context.SpringBootTestContextBootstrapper - Using TestExecutionListeners: [org.springframework.test.context.web.ServletTestExecutionListener@2a41b1cc, org.springframework.test.context.support.DirtiesContextBeforeModesTestExecutionListener@43a9ba2c, org.springframework.boot.test.mock.mockito.MockitoTestExecutionListener@a855451, org.springframework.boot.test.autoconfigure.SpringBootDependencyInjectionTestExecutionListener@4c22c8d5, org.springframework.test.context.support.DirtiesContextTestExecutionListener@6bcacf4c, org.springframework.test.context.transaction.TransactionalTestExecutionListener@653c70c3, org.springframework.test.context.jdbc.SqlScriptsTestExecutionListener@45bb87e9, org.springframework.test.context.event.EventPublishingTestExecutionListener@1f059beb, org.springframework.boot.test.autoconfigure.restdocs.RestDocsTestExecutionListener@220887e8, org.springframework.boot.test.autoconfigure.web.client.MockRestServiceServerResetTestExecutionListener@24344102, org.springframework.boot.test.autoconfigure.web.servlet.MockMvcPrintOnlyOnFailureTestExecutionListener@3da90ea2, org.springframework.boot.test.autoconfigure.web.servlet.WebDriverTestExecutionListener@e40103f, org.springframework.boot.test.mock.mockito.ResetMocksTestExecutionListener@6891e1d8]
20:03:11.146 [Test worker] DEBUG org.springframework.test.context.support.AbstractDirtiesContextTestExecutionListener - Before test class: context [DefaultTestContext@54edf261 testClass = CrudKotlinApplicationTests, testInstance = [null], testMethod = [null], testException = [null], mergedContextConfiguration = [WebMergedContextConfiguration@1406ddd4 testClass = CrudKotlinApplicationTests, locations = '{}', classes = '{class com.grekz.crudKotlin.CrudKotlinApplication}', contextInitializerClasses = '[]', activeProfiles = '{}', propertySourceLocations = '{}', propertySourceProperties = '{org.springframework.boot.test.context.SpringBootTestContextBootstrapper=true}', contextCustomizers = set[org.springframework.boot.test.autoconfigure.properties.PropertyMappingContextCustomizer@0, org.springframework.boot.test.autoconfigure.web.servlet.WebDriverContextCustomizerFactory$Customizer@2027a9ef, org.springframework.boot.test.context.filter.ExcludeFilterContextCustomizer@1a65414a, org.springframework.boot.test.json.DuplicateJsonObjectContextCustomizerFactory$DuplicateJsonObjectContextCustomizer@cfa9a34, org.springframework.boot.test.mock.mockito.MockitoContextCustomizer@0, org.springframework.boot.test.web.client.TestRestTemplateContextCustomizer@278fc415], resourceBasePath = 'src/main/webapp', contextLoader = 'org.springframework.boot.test.context.SpringBootContextLoader', parent = [null]], attributes = map['org.springframework.test.context.web.ServletTestExecutionListener.activateListener' -> true]], class annotated with @DirtiesContext [false] with mode [null].
20:03:11.166 [Test worker] DEBUG org.springframework.test.context.support.TestPropertySourceUtils - Adding inlined properties to environment: {spring.jmx.enabled=false, org.springframework.boot.test.context.SpringBootTestContextBootstrapper=true, server.port=-1}

  .   ____          _            __ _ _
 /\\ / ___'_ __ _ _(_)_ __  __ _ \ \ \ \
( ( )\___ | '_ | '_| | '_ \/ _` | \ \ \ \
 \\/  ___)| |_)| | | | | || (_| |  ) ) ) )
  '  |____| .__|_| |_|_| |_\__, | / / / /
 =========|_|==============|___/=/_/_/_/
 :: Spring Boot ::        (v2.2.5.RELEASE)

2020-04-05 20:03:11.420  INFO 5577 --- [    Test worker] c.g.c.CrudKotlinApplicationTests         : Starting CrudKotlinApplicationTests on C02ZQ5D6MD6T with PID 5577 (started by j.mendoza.2 in /Users/j.mendoza.2/git/kotlin-crud/crudKotlin)
2020-04-05 20:03:11.422  INFO 5577 --- [    Test worker] c.g.c.CrudKotlinApplicationTests         : No active profile set, falling back to default profiles: default
2020-04-05 20:03:12.006  INFO 5577 --- [    Test worker] .s.d.r.c.RepositoryConfigurationDelegate : Bootstrapping Spring Data JPA repositories in DEFAULT mode.
2020-04-05 20:03:12.051  INFO 5577 --- [    Test worker] .s.d.r.c.RepositoryConfigurationDelegate : Finished Spring Data repository scanning in 40ms. Found 1 JPA repository interfaces.
2020-04-05 20:03:12.544  INFO 5577 --- [    Test worker] o.f.c.internal.license.VersionPrinter    : Flyway Community Edition 6.0.8 by Redgate
2020-04-05 20:03:12.548  INFO 5577 --- [    Test worker] com.zaxxer.hikari.HikariDataSource       : HikariPool-1 - Starting...
2020-04-05 20:03:12.931  INFO 5577 --- [    Test worker] com.zaxxer.hikari.HikariDataSource       : HikariPool-1 - Start completed.
2020-04-05 20:03:12.966  INFO 5577 --- [    Test worker] o.f.c.internal.database.DatabaseFactory  : Database: jdbc:mysql://localhost:3306/kotlin_crud_db (MySQL 8.0)
2020-04-05 20:03:13.018  INFO 5577 --- [    Test worker] o.f.core.internal.command.DbValidate     : Successfully validated 4 migrations (execution time 00:00.023s)
2020-04-05 20:03:13.056  INFO 5577 --- [    Test worker] o.f.c.i.s.JdbcTableSchemaHistory         : Creating Schema History table `kotlin_crud_db`.`flyway_schema_history` ...
2020-04-05 20:03:13.143  INFO 5577 --- [    Test worker] o.f.core.internal.command.DbMigrate      : Current version of schema `kotlin_crud_db`: << Empty Schema >>
2020-04-05 20:03:13.154  INFO 5577 --- [    Test worker] o.f.core.internal.command.DbMigrate      : Migrating schema `kotlin_crud_db` to version 1 - 2020 03 001 CreateTableTasks
2020-04-05 20:03:13.186  WARN 5577 --- [    Test worker] o.f.c.i.s.DefaultSqlScriptExecutor       : DB: Integer display width is deprecated and will be removed in a future release. (SQL State: HY000 - Error Code: 1681)
2020-04-05 20:03:13.243  INFO 5577 --- [    Test worker] o.f.core.internal.command.DbMigrate      : Migrating schema `kotlin_crud_db` to version 2 - TestData
2020-04-05 20:03:13.291  INFO 5577 --- [    Test worker] o.f.core.internal.command.DbMigrate      : Migrating schema `kotlin_crud_db` to version 3 - MoreTestData
2020-04-05 20:03:13.330  INFO 5577 --- [    Test worker] o.f.core.internal.command.DbMigrate      : Migrating schema `kotlin_crud_db` to version 4 - MoreTestDataAgain
2020-04-05 20:03:13.362  INFO 5577 --- [    Test worker] o.f.core.internal.command.DbMigrate      : Successfully applied 4 migrations to schema `kotlin_crud_db` (execution time 00:00.233s)
2020-04-05 20:03:13.451  INFO 5577 --- [    Test worker] o.hibernate.jpa.internal.util.LogHelper  : HHH000204: Processing PersistenceUnitInfo [name: default]
2020-04-05 20:03:13.505  INFO 5577 --- [    Test worker] org.hibernate.Version                    : HHH000412: Hibernate ORM core version 5.4.12.Final
2020-04-05 20:03:13.614  INFO 5577 --- [    Test worker] o.hibernate.annotations.common.Version   : HCANN000001: Hibernate Commons Annotations {5.1.0.Final}
2020-04-05 20:03:13.699  INFO 5577 --- [    Test worker] org.hibernate.dialect.Dialect            : HHH000400: Using dialect: org.hibernate.dialect.MySQL5InnoDBDialect
2020-04-05 20:03:14.011  INFO 5577 --- [    Test worker] o.h.e.t.j.p.i.JtaPlatformInitiator       : HHH000490: Using JtaPlatform implementation: [org.hibernate.engine.transaction.jta.platform.internal.NoJtaPlatform]
2020-04-05 20:03:14.015  INFO 5577 --- [    Test worker] j.LocalContainerEntityManagerFactoryBean : Initialized JPA EntityManagerFactory for persistence unit 'default'
2020-04-05 20:03:14.722  WARN 5577 --- [    Test worker] JpaBaseConfiguration$JpaWebConfiguration : spring.jpa.open-in-view is enabled by default. Therefore, database queries may be performed during view rendering. Explicitly configure spring.jpa.open-in-view to disable this warning
2020-04-05 20:03:14.844  INFO 5577 --- [    Test worker] o.s.s.concurrent.ThreadPoolTaskExecutor  : Initializing ExecutorService 'applicationTaskExecutor'
2020-04-05 20:03:15.169  INFO 5577 --- [    Test worker] c.g.c.CrudKotlinApplicationTests         : Started CrudKotlinApplicationTests in 3.996 seconds (JVM running for 4.839)
]]></system-out>
  <system-err><![CDATA[]]></system-err>
</testsuite>
